yarn run v1.22.19
$ yarn webpack --mode production && cp -r public/* dist/
$ /Users/aleksandarneo4j/neodash/node_modules/.bin/webpack --mode production
asset bundle.js 2.16 MiB [compared for emit] [minimized] [big] (name: main) 2 related assets
asset 218.bundle.js 4.5 KiB [compared for emit] [minimized] 1 related asset
orphan modules 2.63 MiB [orphan] 988 modules
runtime modules 31.9 KiB 16 modules
cacheable modules 4.15 MiB
  modules by path ../../node_modules/ 2.83 MiB
    javascript modules 2.83 MiB 708 modules
    json modules 1.52 KiB
      ../../node_modules/character-entities-legacy/index.json 1.24 KiB [built] [code generated]
      ../../node_modules/character-reference-invalid/index.json 289 bytes [built] [code generated]
  modules by path ./ 1.32 MiB
    modules by path ./node_modules/react-syntax-highlighter/dist/cjs/styles/prism/*.js 218 KiB 45 modules
    modules by path ./src/ 931 KiB 5 modules
    modules by path ./node_modules/react/ 7.98 KiB 4 modules
    modules by path ./node_modules/react-dom/ 131 KiB 3 modules
    modules by path ./node_modules/scheduler/ 4.33 KiB 2 modules
    modules by path ./node_modules/react-table/ 56.7 KiB 2 modules

WARNING in asset size limit: The following asset(s) exceed the recommended size limit (244 KiB).
This can impact web performance.
Assets: 
  bundle.js (2.16 MiB)

WARNING in entrypoint size limit: The following entrypoint(s) combined asset size exceeds the recommended limit (244 KiB). This can impact web performance.
Entrypoints:
  main (2.16 MiB)
      bundle.js

webpack 5.75.0 compiled with 2 warnings in 19761 ms
Done in 21.14s.
