yarn run v1.22.19
$ eslint --ext .ts --ext .tsx .

/Users/aleksandarneo4j/neodash/apps/neodash-editor/src/application/ApplicationThunks.ts
  212:15  warning  Use array destructuring  prefer-destructuring
  213:15  warning  Use array destructuring  prefer-destructuring
  214:15  warning  Use array destructuring  prefer-destructuring
  216:15  warning  Use array destructuring  prefer-destructuring
  217:15  warning  Use array destructuring  prefer-destructuring
  218:15  warning  Use array destructuring  prefer-destructuring

/Users/aleksandarneo4j/neodash/apps/neodash-editor/src/card/CardThunks.ts
  118:21  warning  Use array destructuring  prefer-destructuring

/Users/aleksandarneo4j/neodash/apps/neodash-editor/src/card/view/CardViewFooter.tsx
  43:21  warning  Use array destructuring  prefer-destructuring

/Users/aleksandarneo4j/neodash/apps/neodash-editor/src/chart/parameter/component/NodePropertyParameterSelect.tsx
  59:13  warning  Use array destructuring  prefer-destructuring

/Users/aleksandarneo4j/neodash/apps/neodash-editor/src/dashboard/DashboardReducer.ts
  93:13  warning  Use array destructuring  prefer-destructuring

/Users/aleksandarneo4j/neodash/apps/neodash-editor/src/extensions/styling/StyleRuleEvaluator.ts
  98:13  warning  Use array destructuring  prefer-destructuring
  99:13  warning  Use array destructuring  prefer-destructuring

/Users/aleksandarneo4j/neodash/apps/neodash-editor/src/modal/ConnectionModal.tsx
  105:21  warning  Use array destructuring  prefer-destructuring

/Users/aleksandarneo4j/neodash/apps/neodash-editor/src/page/Page.tsx
  68:18  warning  Use the spread operator instead of '.apply()'  prefer-spread
  78:9   warning  Use the spread operator instead of '.apply()'  prefer-spread

✖ 15 problems (0 errors, 15 warnings)

Done in 4.14s.
