yarn run v1.22.19
$ yarn webpack --mode production && cp -r public/* dist/
$ /Users/aleksandarneo4j/neodash/node_modules/.bin/webpack --mode production
assets by status 4.33 MiB [cached] 6 assets
orphan modules 13.2 MiB [orphan] 9456 modules
runtime modules 28.9 KiB 16 modules
cacheable modules 10.9 MiB
  modules by path ../../node_modules/ 4.18 MiB 824 modules
  modules by path ./src/ 6.72 MiB
    modules by path ./src/application/ 6.63 MiB 2 modules
    modules by path ./src/dashboard/*.ts 12.9 KiB 2 modules
    modules by path ./src/card/*.ts 8.4 KiB
      ./src/card/CardReducer.ts 4.31 KiB [built] [code generated]
      ./src/card/CardActions.ts 4.09 KiB [built] [code generated]
    ./src/index.tsx + 14 modules 61.5 KiB [built] [code generated]
    ./src/page/PageActions.ts 1.23 KiB [built] [code generated]
    ./src/settings/SettingsActions.ts 279 bytes [built] [code generated]

ERROR in ./src/index.tsx 8:0-58
Module not found: Error: Can't resolve '../node_modules/react-grid-layout/css/styles.css' in '/Users/aleksandarneo4j/neodash/apps/neodash-editor/src'
resolve '../node_modules/react-grid-layout/css/styles.css' in '/Users/aleksandarneo4j/neodash/apps/neodash-editor/src'
  using description file: /Users/aleksandarneo4j/neodash/apps/neodash-editor/package.json (relative path: ./src)
    Field 'browser' doesn't contain a valid alias configuration
    using description file: /Users/aleksandarneo4j/neodash/apps/neodash-editor/package.json (relative path: ./node_modules/react-grid-layout/css/styles.css)
      no extension
        Field 'browser' doesn't contain a valid alias configuration
        /Users/aleksandarneo4j/neodash/apps/neodash-editor/node_modules/react-grid-layout/css/styles.css doesn't exist
      *
        Field 'browser' doesn't contain a valid alias configuration
        /Users/aleksandarneo4j/neodash/apps/neodash-editor/node_modules/react-grid-layout/css/styles.css* doesn't exist
      .js
        Field 'browser' doesn't contain a valid alias configuration
        /Users/aleksandarneo4j/neodash/apps/neodash-editor/node_modules/react-grid-layout/css/styles.css.js doesn't exist
      .jsx
        Field 'browser' doesn't contain a valid alias configuration
        /Users/aleksandarneo4j/neodash/apps/neodash-editor/node_modules/react-grid-layout/css/styles.css.jsx doesn't exist
      .ts
        Field 'browser' doesn't contain a valid alias configuration
        /Users/aleksandarneo4j/neodash/apps/neodash-editor/node_modules/react-grid-layout/css/styles.css.ts doesn't exist
      .tsx
        Field 'browser' doesn't contain a valid alias configuration
        /Users/aleksandarneo4j/neodash/apps/neodash-editor/node_modules/react-grid-layout/css/styles.css.tsx doesn't exist
      as directory
        /Users/aleksandarneo4j/neodash/apps/neodash-editor/node_modules/react-grid-layout/css/styles.css doesn't exist

ERROR in ./src/index.tsx 9:0-56
Module not found: Error: Can't resolve '../node_modules/react-resizable/css/styles.css' in '/Users/aleksandarneo4j/neodash/apps/neodash-editor/src'
resolve '../node_modules/react-resizable/css/styles.css' in '/Users/aleksandarneo4j/neodash/apps/neodash-editor/src'
  using description file: /Users/aleksandarneo4j/neodash/apps/neodash-editor/package.json (relative path: ./src)
    Field 'browser' doesn't contain a valid alias configuration
    using description file: /Users/aleksandarneo4j/neodash/apps/neodash-editor/package.json (relative path: ./node_modules/react-resizable/css/styles.css)
      no extension
        Field 'browser' doesn't contain a valid alias configuration
        /Users/aleksandarneo4j/neodash/apps/neodash-editor/node_modules/react-resizable/css/styles.css doesn't exist
      *
        Field 'browser' doesn't contain a valid alias configuration
        /Users/aleksandarneo4j/neodash/apps/neodash-editor/node_modules/react-resizable/css/styles.css* doesn't exist
      .js
        Field 'browser' doesn't contain a valid alias configuration
        /Users/aleksandarneo4j/neodash/apps/neodash-editor/node_modules/react-resizable/css/styles.css.js doesn't exist
      .jsx
        Field 'browser' doesn't contain a valid alias configuration
        /Users/aleksandarneo4j/neodash/apps/neodash-editor/node_modules/react-resizable/css/styles.css.jsx doesn't exist
      .ts
        Field 'browser' doesn't contain a valid alias configuration
        /Users/aleksandarneo4j/neodash/apps/neodash-editor/node_modules/react-resizable/css/styles.css.ts doesn't exist
      .tsx
        Field 'browser' doesn't contain a valid alias configuration
        /Users/aleksandarneo4j/neodash/apps/neodash-editor/node_modules/react-resizable/css/styles.css.tsx doesn't exist
      as directory
        /Users/aleksandarneo4j/neodash/apps/neodash-editor/node_modules/react-resizable/css/styles.css doesn't exist

webpack 5.75.0 compiled with 2 errors in 69900 ms
error Command failed with exit code 1.
info Visit https://yarnpkg.com/en/docs/cli/run for documentation about this command.
error Command failed with exit code 1.
info Visit https://yarnpkg.com/en/docs/cli/run for documentation about this command.
